<?xml version="1.0" encoding="UTF-8"?>
<!-- Generated by org.testng.reporters.JUnitXMLReporter -->
<testsuite ignored="0" hostname="vijay" failures="0" tests="4" name="Default test" time="0.062" errors="0" timestamp="2024-02-27T11:45:23 IST">
  <testcase classname="TestNG.Axis.annotations" name="testcase1" time="0.005"/>
  <testcase classname="TestNG.Axis.annotations" name="testcase2" time="0.001"/>
  <testcase classname="TestNG.Axis.annotations" name="testcase3" time="0.001"/>
  <testcase classname="TestNG.Axis.annotations" name="testcase4" time="0.001"/>
</testsuite> <!-- Default test -->
