<?xml version="1.0" encoding="UTF-8"?>
<testng-results ignored="0" total="1" passed="1" failed="0" skipped="0">
  <reporter-output>
  </reporter-output>
  <suite started-at="2024-02-28T11:00:05 IST" name="Suite" finished-at="2024-02-28T11:00:10 IST" duration-ms="4768">
    <groups>
    </groups>
    <test started-at="2024-02-28T11:00:05 IST" name="Test" finished-at="2024-02-28T11:00:10 IST" duration-ms="4768">
      <class name="DATAAXIS.datadriven.readexcel">
        <test-method signature="fblogin()[pri:0, instance:DATAAXIS.datadriven.readexcel@2f8dad04]" started-at="2024-02-28T11:00:05 IST" name="fblogin" finished-at="2024-02-28T11:00:10 IST" duration-ms="4720" status="PASS">
          <reporter-output>
          </reporter-output>
        </test-method> <!-- fblogin -->
      </class> <!-- DATAAXIS.datadriven.readexcel -->
    </test> <!-- Test -->
  </suite> <!-- Suite -->
</testng-results>
