<?xml version="1.0" encoding="UTF-8"?>
<testng-results ignored="0" total="2" passed="2" failed="0" skipped="0">
  <reporter-output>
  </reporter-output>
  <suite started-at="2024-02-28T11:11:07 IST" name="Suite" finished-at="2024-02-28T11:11:10 IST" duration-ms="3422">
    <groups>
    </groups>
    <test started-at="2024-02-28T11:11:07 IST" name="Testing" finished-at="2024-02-28T11:11:10 IST" duration-ms="3422">
      <class name="TestNG.Axis.parameterisation">
        <test-method signature="Parametrized(java.lang.String)[pri:0, instance:TestNG.Axis.parameterisation@11bd0f3b]" started-at="2024-02-28T11:11:07 IST" name="Parametrized" finished-at="2024-02-28T11:11:09 IST" duration-ms="1895" status="PASS">
          <params>
            <param index="0">
              <value>
                <![CDATA[chrome]]>
              </value>
            </param>
          </params>
          <reporter-output>
          </reporter-output>
        </test-method> <!-- Parametrized -->
      </class> <!-- TestNG.Axis.parameterisation -->
      <class name="TestNG.Axis.invokechrome">
        <test-method signature="chrome()[pri:0, instance:TestNG.Axis.invokechrome@120f102b]" started-at="2024-02-28T11:11:09 IST" name="chrome" finished-at="2024-02-28T11:11:10 IST" duration-ms="1494" status="PASS">
          <reporter-output>
          </reporter-output>
        </test-method> <!-- chrome -->
      </class> <!-- TestNG.Axis.invokechrome -->
    </test> <!-- Testing -->
  </suite> <!-- Suite -->
</testng-results>
