<?xml version="1.0" encoding="UTF-8"?>
<testng-results ignored="0" total="1" passed="1" failed="0" skipped="0">
  <reporter-output>
  </reporter-output>
  <suite started-at="2024-02-28T10:28:13 IST" name="Suite" finished-at="2024-02-28T10:28:20 IST" duration-ms="7302">
    <groups>
    </groups>
    <test started-at="2024-02-28T10:28:13 IST" name="Test" finished-at="2024-02-28T10:28:20 IST" duration-ms="7302">
      <class name="DATAAXIS.datadriven.readexcel">
        <test-method signature="fblogin()[pri:0, instance:DATAAXIS.datadriven.readexcel@49049a04]" started-at="2024-02-28T10:28:13 IST" name="fblogin" finished-at="2024-02-28T10:28:20 IST" duration-ms="7248" status="PASS">
          <reporter-output>
          </reporter-output>
        </test-method> <!-- fblogin -->
      </class> <!-- DATAAXIS.datadriven.readexcel -->
    </test> <!-- Test -->
  </suite> <!-- Suite -->
</testng-results>
